<?xml version="1.0" encoding="UTF-8"?>
<!-- Generated by org.testng.reporters.JUnitReportReporter -->
<testsuite name="com.cosmic.cubes.test.regression.TestLoginSC_01" tests="1" time="36.927" ignored="0" failures="0" timestamp="17 Mar 2017 12:26:53 GMT" skipped="0" hostname="PC-Krishna-207" errors="0">
  <testcase name="testInvalidLoginTC_05" time="36.927" classname="com.cosmic.cubes.test.regression.TestLoginSC_01"/>
</testsuite> <!-- com.cosmic.cubes.test.regression.TestLoginSC_01 -->
